# JRE version: Java(TM) SE Runtime Environment (25.0+37) (build 25+37-LTS-3491)
# Java VM: Java HotSpot(TM) 64-Bit Server VM (25+37-LTS-3491, mixed mode, sharing, tiered, compressed oops, compressed class ptrs, g1 gc, windows-amd64)
GC Precious Log:
 CardTable entry size: 512
 Card Set container configuration: InlinePtr #cards 4 size 8 Array Of Cards #cards 16 size 48 Howl #buckets 8 coarsen threshold 3686 Howl Bitmap #cards 512 size 80 coarsen threshold 460 Card regions per heap region 1 cards per card region 4096
 CPUs: 12 total, 12 available
 Memory: 16154M
 Large Page Support: Disabled
 NUMA Support: Disabled
 Compressed Oops: Enabled (Zero based)
 Heap Region Size: 2M
 Heap Min Capacity: 8M
 Heap Initial Capacity: 254M
 Heap Max Capacity: 4040M
 Pre-touch: Disabled
 Parallel Workers: 10
 Concurrent Workers: 3
 Concurrent Refinement Workers: 10
 Periodic GC: Disabled
Heap:
 garbage-first heap   total reserved 4136960K, committed 77824K, used 37851K [0x0000000703800000, 0x0000000800000000)
  region size 2048K, 8 young (16384K), 3 survivors (6144K)
GC Heap Usage History (18 events):
Event: 0.601 {heap Before GC invocations=0 (full 0):
 garbage-first heap   total reserved 4136960K, committed 262144K, used 48277K [0x0000000703800000, 0x0000000800000000)
  region size 2048K, 24 young (49152K), 0 survivors (0K)
}
Event: 0.605 {heap After GC invocations=1 (full 0):
 garbage-first heap   total reserved 4136960K, committed 262144K, used 10490K [0x0000000703800000, 0x0000000800000000)
  region size 2048K, 3 young (6144K), 3 survivors (6144K)
}
Event: 1.018 {heap Before GC invocations=1 (full 0):
 garbage-first heap   total reserved 4136960K, committed 262144K, used 55546K [0x0000000703800000, 0x0000000800000000)
  region size 2048K, 26 young (53248K), 3 survivors (6144K)
}
Event: 1.022 {heap After GC invocations=2 (full 0):
 garbage-first heap   total reserved 4136960K, committed 262144K, used 15716K [0x0000000703800000, 0x0000000800000000)
  region size 2048K, 6 young (12288K), 6 survivors (12288K)
}
Event: 1.607 {heap Before GC invocations=3 (full 0):
 garbage-first heap   total reserved 4136960K, committed 61440K, used 58724K [0x0000000703800000, 0x0000000800000000)
  region size 2048K, 27 young (55296K), 6 survivors (12288K)
}
Event: 1.614 {heap After GC invocations=4 (full 0):
 garbage-first heap   total reserved 4136960K, committed 77824K, used 19466K [0x0000000703800000, 0x0000000800000000)
  region size 2048K, 5 young (10240K), 5 survivors (10240K)
}
Event: 1.990 {heap Before GC invocations=4 (full 0):
 garbage-first heap   total reserved 4136960K, committed 77824K, used 50186K [0x0000000703800000, 0x0000000800000000)
  region size 2048K, 21 young (43008K), 5 survivors (10240K)
}
Event: 1.998 {heap After GC invocations=5 (full 0):
 garbage-first heap   total reserved 4136960K, committed 77824K, used 21783K [0x0000000703800000, 0x0000000800000000)
  region size 2048K, 2 young (4096K), 2 survivors (4096K)
}
Event: 2.012 {heap Before GC invocations=5 (full 0):
 garbage-first heap   total reserved 4136960K, committed 77824K, used 21783K [0x0000000703800000, 0x0000000800000000)
  region size 2048K, 3 young (6144K), 2 survivors (4096K)
}
Event: 2.014 {heap After GC invocations=6 (full 0):
 garbage-first heap   total reserved 4136960K, committed 77824K, used 21420K [0x0000000703800000, 0x0000000800000000)
  region size 2048K, 2 young (4096K), 2 survivors (4096K)
}
Event: 2.639 {heap Before GC invocations=7 (full 0):
 garbage-first heap   total reserved 4136960K, committed 77824K, used 58284K [0x0000000703800000, 0x0000000800000000)
  region size 2048K, 20 young (40960K), 2 survivors (4096K)
}
Event: 2.642 {heap After GC invocations=8 (full 0):
 garbage-first heap   total reserved 4136960K, committed 77824K, used 24655K [0x0000000703800000, 0x0000000800000000)
  region size 2048K, 3 young (6144K), 3 survivors (6144K)
}
Event: 3.040 {heap Before GC invocations=8 (full 0):
 garbage-first heap   total reserved 4136960K, committed 77824K, used 55375K [0x0000000703800000, 0x0000000800000000)
  region size 2048K, 20 young (40960K), 3 survivors (6144K)
}
Event: 3.045 {heap After GC invocations=9 (full 0):
 garbage-first heap   total reserved 4136960K, committed 77824K, used 26378K [0x0000000703800000, 0x0000000800000000)
  region size 2048K, 1 young (2048K), 1 survivors (2048K)
}
Event: 3.060 {heap Before GC invocations=9 (full 0):
 garbage-first heap   total reserved 4136960K, committed 77824K, used 26378K [0x0000000703800000, 0x0000000800000000)
  region size 2048K, 2 young (4096K), 1 survivors (2048K)
}
Event: 3.061 {heap After GC invocations=10 (full 0):
 garbage-first heap   total reserved 4136960K, committed 77824K, used 26427K [0x0000000703800000, 0x0000000800000000)
  region size 2048K, 1 young (2048K), 1 survivors (2048K)
}
Event: 3.510 {heap Before GC invocations=11 (full 0):
 garbage-first heap   total reserved 4136960K, committed 77824K, used 63291K [0x0000000703800000, 0x0000000800000000)
  region size 2048K, 20 young (40960K), 1 survivors (2048K)
}
Event: 3.514 {heap After GC invocations=12 (full 0):
 garbage-first heap   total reserved 4136960K, committed 77824K, used 29659K [0x0000000703800000, 0x0000000800000000)
  region size 2048K, 3 young (6144K), 3 survivors (6144K)
}

